<?xml version="1.0" encoding="UTF-8"?>
<!-- Generated by org.testng.reporters.JUnitReportReporter -->
<testsuite hostname="Users-Mac.local" failures="0" tests="1" name="bdd.ups.runner.UpsTestRunner" time="89.785" errors="0" timestamp="16 May 2020 12:23:56 GMT" skipped="0">
  <testcase classname="bdd.ups.runner.UpsTestRunner" name="feature" time="89.785"/>
</testsuite> <!-- bdd.ups.runner.UpsTestRunner -->
